Using pre-set license
Built from '2020.2/release' branch; Version is '2020.2.1f1 (270dd8c3da1c) revision 2559448'; Using compiler version '192528614'; Build Type 'Release'
OS: 'Windows 10  (10.0.0) 64bit' Language: 'zh' Physical Memory: 6060 MB
BatchMode: 1, IsHumanControllingUs: 0, StartBugReporterOnCrash: 0, Is64bit: 1, IsPro: 0

 COMMAND LINE ARGUMENTS:
D:\Unity\2020.1.16f1\Editor\Unity.exe
-adb2
-batchMode
-noUpm
-name
AssetImportWorker0
-projectPath
C:/Users/veled/Desktop/final
-logFile
Logs/AssetImportWorker0.log
-srvPort
62079
Successfully changed project path to: C:/Users/veled/Desktop/final
C:/Users/veled/Desktop/final
Using Asset Import Pipeline V2.
Refreshing native plugins compatible for Editor in 33.67 ms, found 0 plugins.
Preloading 0 native plugins for Editor in 0.00 ms.
Initialize engine version: 2020.2.1f1 (270dd8c3da1c)
[Subsystems] Discovering subsystems at path D:/Unity/2020.1.16f1/Editor/Data/Resources/UnitySubsystems
[Subsystems] Discovering subsystems at path C:/Users/veled/Desktop/final/Assets
GfxDevice: creating device client; threaded=0
Direct3D:
    Version:  Direct3D 11.0 [level 11.1]
    Renderer: AMD Radeon(TM) Vega 8 Graphics (ID=0x15d8)
    Vendor:   
    VRAM:     3030 MB
    Driver:   27.20.11044.7
Initialize mono
Mono path[0] = 'D:/Unity/2020.1.16f1/Editor/Data/Managed'
Mono path[1] = 'D:/Unity/2020.1.16f1/Editor/Data/MonoBleedingEdge/lib/mono/unityjit'
Mono config path = 'D:/Unity/2020.1.16f1/Editor/Data/MonoBleedingEdge/etc'
Using monoOptions --debugger-agent=transport=dt_socket,embedding=1,server=y,suspend=n,address=127.0.0.1:56364
Begin MonoManager ReloadAssembly
Registering precompiled unity dll's ...
Register platform support module: D:/Unity/2020.1.16f1/Editor/Data/PlaybackEngines/WindowsStandaloneSupport/UnityEditor.WindowsStandalone.Extensions.dll
Registered in 0.002077 seconds.
Native extension for WindowsStandalone target not found
Refreshing native plugins compatible for Editor in 37.63 ms, found 0 plugins.
Preloading 0 native plugins for Editor in 0.00 ms.
Invoked RoslynAnalysisRunner static constructor.
RoslynAnalysisRunner will not be running.
RoslynAnalysisRunner has terminated.
Mono: successfully reloaded assembly
- Completed reload, in  1.654 seconds
Platform modules already initialized, skipping
Registering precompiled user dll's ...
Registered in 0.001409 seconds.
Begin MonoManager ReloadAssembly
Native extension for WindowsStandalone target not found
Refreshing native plugins compatible for Editor in 0.33 ms, found 0 plugins.
Preloading 0 native plugins for Editor in 0.00 ms.
Invoked RoslynAnalysisRunner static constructor.
RoslynAnalysisRunner will not be running.
RoslynAnalysisRunner has terminated.
Mono: successfully reloaded assembly
- Completed reload, in  1.261 seconds
Platform modules already initialized, skipping
========================================================================
Worker process is ready to serve import requests
Launched and connected shader compiler UnityShaderCompiler.exe after 0.06 seconds
Refreshing native plugins compatible for Editor in 0.38 ms, found 0 plugins.
Preloading 0 native plugins for Editor in 0.00 ms.
Unloading 1104 Unused Serialized files (Serialized files now loaded: 0)
System memory in use before: 70.0 MB.
System memory in use after: 70.1 MB.

Unloading 10 unused Assets to reduce memory usage. Loaded Objects now: 1564.
Total: 2.407600 ms (FindLiveObjects: 0.224300 ms CreateObjectMapping: 0.040300 ms MarkObjects: 2.040300 ms  DeleteObjects: 0.101100 ms)

========================================================================
Received Import Request.
  path: Assets/player 1.fbx
  artifactKey: Guid(4bcf78afdfbde5e42a81a96288b401ab) Importer(815301076,1909f56bfc062723c751e8b465ee728b)
Start importing Assets/player 1.fbx using Guid(4bcf78afdfbde5e42a81a96288b401ab) Importer(815301076,1909f56bfc062723c751e8b465ee728b)  -> (artifact id: '23c4ab452c5b587faad686f09972c0fc') in 0.274199 seconds
  Import took 0.277207 seconds .

========================================================================
Received Prepare
Registering precompiled user dll's ...
Registered in 0.001296 seconds.
Begin MonoManager ReloadAssembly
Native extension for WindowsStandalone target not found
Refreshing native plugins compatible for Editor in 0.47 ms, found 0 plugins.
Preloading 0 native plugins for Editor in 0.00 ms.
Invoked RoslynAnalysisRunner static constructor.
RoslynAnalysisRunner will not be running.
RoslynAnalysisRunner has terminated.
Mono: successfully reloaded assembly
- Completed reload, in  1.329 seconds
Platform modules already initialized, skipping
Refreshing native plugins compatible for Editor in 0.29 ms, found 0 plugins.
Preloading 0 native plugins for Editor in 0.00 ms.
Unloading 1098 Unused Serialized files (Serialized files now loaded: 0)
System memory in use before: 73.7 MB.
System memory in use after: 73.7 MB.

Unloading 5 unused Assets to reduce memory usage. Loaded Objects now: 1609.
Total: 3.427300 ms (FindLiveObjects: 0.313400 ms CreateObjectMapping: 0.069300 ms MarkObjects: 2.964100 ms  DeleteObjects: 0.076600 ms)

========================================================================
Received Import Request.
  Time since last request: 421.385386 seconds.
  path: Assets/import
  artifactKey: Guid(6c73acbd4092a7845bdd3eee9d163447) Importer(815301076,1909f56bfc062723c751e8b465ee728b)
Start importing Assets/import using Guid(6c73acbd4092a7845bdd3eee9d163447) Importer(815301076,1909f56bfc062723c751e8b465ee728b)  -> (artifact id: 'ff491d5518682cb524c8adcdf6a02ad3') in 0.017608 seconds
  Import took 0.020916 seconds .

========================================================================
Received Prepare
Registering precompiled user dll's ...
Registered in 0.001378 seconds.
Begin MonoManager ReloadAssembly
Native extension for WindowsStandalone target not found
Refreshing native plugins compatible for Editor in 0.47 ms, found 0 plugins.
Preloading 0 native plugins for Editor in 0.00 ms.
Invoked RoslynAnalysisRunner static constructor.
RoslynAnalysisRunner will not be running.
RoslynAnalysisRunner has terminated.
Mono: successfully reloaded assembly
- Completed reload, in  1.571 seconds
Platform modules already initialized, skipping
Refreshing native plugins compatible for Editor in 0.34 ms, found 0 plugins.
Preloading 0 native plugins for Editor in 0.00 ms.
Unloading 1099 Unused Serialized files (Serialized files now loaded: 0)
System memory in use before: 74.0 MB.
System memory in use after: 74.0 MB.

Unloading 5 unused Assets to reduce memory usage. Loaded Objects now: 1612.
Total: 4.810500 ms (FindLiveObjects: 0.438800 ms CreateObjectMapping: 0.195600 ms MarkObjects: 4.068800 ms  DeleteObjects: 0.102600 ms)

========================================================================
Received Prepare
Registering precompiled user dll's ...
Registered in 0.001395 seconds.
Begin MonoManager ReloadAssembly
Native extension for WindowsStandalone target not found
Refreshing native plugins compatible for Editor in 0.30 ms, found 0 plugins.
Preloading 0 native plugins for Editor in 0.00 ms.
Invoked RoslynAnalysisRunner static constructor.
RoslynAnalysisRunner will not be running.
RoslynAnalysisRunner has terminated.
Mono: successfully reloaded assembly
- Completed reload, in  1.213 seconds
Platform modules already initialized, skipping
Refreshing native plugins compatible for Editor in 0.29 ms, found 0 plugins.
Preloading 0 native plugins for Editor in 0.00 ms.
Unloading 1099 Unused Serialized files (Serialized files now loaded: 0)
System memory in use before: 74.1 MB.
System memory in use after: 74.2 MB.

Unloading 5 unused Assets to reduce memory usage. Loaded Objects now: 1614.
Total: 2.596700 ms (FindLiveObjects: 0.206500 ms CreateObjectMapping: 0.039800 ms MarkObjects: 2.276300 ms  DeleteObjects: 0.072500 ms)

========================================================================
Received Import Request.
  Time since last request: 288.252297 seconds.
  path: Assets/movement.cs
  artifactKey: Guid(67262fbc75255e6448358fe87e328723) Importer(815301076,1909f56bfc062723c751e8b465ee728b)
Start importing Assets/movement.cs using Guid(67262fbc75255e6448358fe87e328723) Importer(815301076,1909f56bfc062723c751e8b465ee728b)  -> (artifact id: 'f677565a4074a0fe4c42b85d532dd1c0') in 0.028440 seconds
  Import took 0.033387 seconds .

========================================================================
Received Import Request.
  Time since last request: 0.011140 seconds.
  path: Assets/movement.cs
  artifactKey: Guid(67262fbc75255e6448358fe87e328723) Importer(815301076,1909f56bfc062723c751e8b465ee728b)
Start importing Assets/movement.cs using Guid(67262fbc75255e6448358fe87e328723) Importer(815301076,1909f56bfc062723c751e8b465ee728b)  -> (artifact id: 'f677565a4074a0fe4c42b85d532dd1c0') in 0.014930 seconds
  Import took 0.018647 seconds .

========================================================================
Received Prepare
Registering precompiled user dll's ...
Registered in 0.002368 seconds.
Begin MonoManager ReloadAssembly
Native extension for WindowsStandalone target not found
Refreshing native plugins compatible for Editor in 0.29 ms, found 0 plugins.
Preloading 0 native plugins for Editor in 0.00 ms.
Invoked RoslynAnalysisRunner static constructor.
RoslynAnalysisRunner will not be running.
RoslynAnalysisRunner has terminated.
Mono: successfully reloaded assembly
- Completed reload, in  1.122 seconds
Platform modules already initialized, skipping
Refreshing native plugins compatible for Editor in 0.30 ms, found 0 plugins.
Preloading 0 native plugins for Editor in 0.00 ms.
Unloading 1099 Unused Serialized files (Serialized files now loaded: 0)
System memory in use before: 74.6 MB.
System memory in use after: 74.6 MB.

Unloading 5 unused Assets to reduce memory usage. Loaded Objects now: 1616.
Total: 2.477700 ms (FindLiveObjects: 0.257800 ms CreateObjectMapping: 0.048300 ms MarkObjects: 2.101500 ms  DeleteObjects: 0.068400 ms)

========================================================================
Received Import Request.
  Time since last request: 105.120286 seconds.
  path: Assets/movement.cs
  artifactKey: Guid(67262fbc75255e6448358fe87e328723) Importer(815301076,1909f56bfc062723c751e8b465ee728b)
Start importing Assets/movement.cs using Guid(67262fbc75255e6448358fe87e328723) Importer(815301076,1909f56bfc062723c751e8b465ee728b)  -> (artifact id: 'f4472333aeee1791aa9de573bca40184') in 0.015537 seconds
  Import took 0.019118 seconds .

========================================================================
Received Prepare
Registering precompiled user dll's ...
Registered in 0.001900 seconds.
Begin MonoManager ReloadAssembly
Native extension for WindowsStandalone target not found
Refreshing native plugins compatible for Editor in 0.37 ms, found 0 plugins.
Preloading 0 native plugins for Editor in 0.00 ms.
Invoked RoslynAnalysisRunner static constructor.
RoslynAnalysisRunner will not be running.
RoslynAnalysisRunner has terminated.
Mono: successfully reloaded assembly
- Completed reload, in  1.344 seconds
Platform modules already initialized, skipping
Refreshing native plugins compatible for Editor in 0.29 ms, found 0 plugins.
Preloading 0 native plugins for Editor in 0.00 ms.
Unloading 1099 Unused Serialized files (Serialized files now loaded: 0)
System memory in use before: 74.8 MB.
System memory in use after: 74.9 MB.

Unloading 5 unused Assets to reduce memory usage. Loaded Objects now: 1618.
Total: 2.434400 ms (FindLiveObjects: 0.288700 ms CreateObjectMapping: 0.041900 ms MarkObjects: 2.031900 ms  DeleteObjects: 0.070100 ms)

========================================================================
Received Prepare
Registering precompiled user dll's ...
Registered in 0.001499 seconds.
Begin MonoManager ReloadAssembly
Native extension for WindowsStandalone target not found
Refreshing native plugins compatible for Editor in 0.30 ms, found 0 plugins.
Preloading 0 native plugins for Editor in 0.00 ms.
Invoked RoslynAnalysisRunner static constructor.
RoslynAnalysisRunner will not be running.
RoslynAnalysisRunner has terminated.
Mono: successfully reloaded assembly
- Completed reload, in  1.193 seconds
Platform modules already initialized, skipping
Refreshing native plugins compatible for Editor in 0.28 ms, found 0 plugins.
Preloading 0 native plugins for Editor in 0.00 ms.
Unloading 1100 Unused Serialized files (Serialized files now loaded: 0)
System memory in use before: 75.2 MB.
System memory in use after: 75.2 MB.

Unloading 5 unused Assets to reduce memory usage. Loaded Objects now: 1621.
Total: 2.795300 ms (FindLiveObjects: 0.387600 ms CreateObjectMapping: 0.056200 ms MarkObjects: 2.275400 ms  DeleteObjects: 0.073300 ms)

========================================================================
Received Import Request.
  Time since last request: 458.419472 seconds.
  path: Assets/attack.cs
  artifactKey: Guid(d9598d7fea21fd3439d916a91dfbb069) Importer(815301076,1909f56bfc062723c751e8b465ee728b)
Start importing Assets/attack.cs using Guid(d9598d7fea21fd3439d916a91dfbb069) Importer(815301076,1909f56bfc062723c751e8b465ee728b)  -> (artifact id: '835b20ea9bc7d2d7fd89d20fd92e2b55') in 0.016105 seconds
  Import took 0.020423 seconds .

========================================================================
Received Prepare
Registering precompiled user dll's ...
Registered in 0.001450 seconds.
Begin MonoManager ReloadAssembly
Native extension for WindowsStandalone target not found
Refreshing native plugins compatible for Editor in 0.31 ms, found 0 plugins.
Preloading 0 native plugins for Editor in 0.00 ms.
Invoked RoslynAnalysisRunner static constructor.
RoslynAnalysisRunner will not be running.
RoslynAnalysisRunner has terminated.
Mono: successfully reloaded assembly
- Completed reload, in  1.142 seconds
Platform modules already initialized, skipping
Refreshing native plugins compatible for Editor in 0.30 ms, found 0 plugins.
Preloading 0 native plugins for Editor in 0.00 ms.
Unloading 1100 Unused Serialized files (Serialized files now loaded: 0)
System memory in use before: 75.2 MB.
System memory in use after: 75.3 MB.

Unloading 5 unused Assets to reduce memory usage. Loaded Objects now: 1623.
Total: 2.520500 ms (FindLiveObjects: 0.205100 ms CreateObjectMapping: 0.039700 ms MarkObjects: 2.200800 ms  DeleteObjects: 0.073200 ms)

========================================================================
Received Import Request.
  Time since last request: 174.461810 seconds.
  path: Assets/attack.cs
  artifactKey: Guid(d9598d7fea21fd3439d916a91dfbb069) Importer(815301076,1909f56bfc062723c751e8b465ee728b)
Start importing Assets/attack.cs using Guid(d9598d7fea21fd3439d916a91dfbb069) Importer(815301076,1909f56bfc062723c751e8b465ee728b)  -> (artifact id: '6918e3dcce0c2c9fece596e561201d26') in 0.015942 seconds
  Import took 0.025405 seconds .

========================================================================
Received Prepare
Registering precompiled user dll's ...
Registered in 0.001663 seconds.
Begin MonoManager ReloadAssembly
Native extension for WindowsStandalone target not found
Refreshing native plugins compatible for Editor in 0.49 ms, found 0 plugins.
Preloading 0 native plugins for Editor in 0.00 ms.
Invoked RoslynAnalysisRunner static constructor.
RoslynAnalysisRunner will not be running.
RoslynAnalysisRunner has terminated.
Mono: successfully reloaded assembly
- Completed reload, in  1.766 seconds
Platform modules already initialized, skipping
Refreshing native plugins compatible for Editor in 0.30 ms, found 0 plugins.
Preloading 0 native plugins for Editor in 0.00 ms.
Unloading 1100 Unused Serialized files (Serialized files now loaded: 0)
System memory in use before: 74.7 MB.
System memory in use after: 74.8 MB.

Unloading 5 unused Assets to reduce memory usage. Loaded Objects now: 1625.
Total: 4.736900 ms (FindLiveObjects: 0.496300 ms CreateObjectMapping: 0.057100 ms MarkObjects: 4.018500 ms  DeleteObjects: 0.159500 ms)

========================================================================
Received Prepare
Registering precompiled user dll's ...
Registered in 0.002645 seconds.
Begin MonoManager ReloadAssembly
Native extension for WindowsStandalone target not found
Refreshing native plugins compatible for Editor in 0.35 ms, found 0 plugins.
Preloading 0 native plugins for Editor in 0.00 ms.
Invoked RoslynAnalysisRunner static constructor.
RoslynAnalysisRunner will not be running.
RoslynAnalysisRunner has terminated.
Mono: successfully reloaded assembly
- Completed reload, in  1.387 seconds
Platform modules already initialized, skipping
Refreshing native plugins compatible for Editor in 0.39 ms, found 0 plugins.
Preloading 0 native plugins for Editor in 0.00 ms.
Unloading 1100 Unused Serialized files (Serialized files now loaded: 0)
System memory in use before: 75.0 MB.
System memory in use after: 75.1 MB.

Unloading 5 unused Assets to reduce memory usage. Loaded Objects now: 1627.
Total: 3.144100 ms (FindLiveObjects: 0.454300 ms CreateObjectMapping: 0.114300 ms MarkObjects: 2.499000 ms  DeleteObjects: 0.073800 ms)

AssetImportWorkerClient::OnTransportError - code=2 error=End of file
